
build/tcrhmag.elf:     file format elf32-littleriscv


Disassembly of section .init:

00000000 <InterruptVector>:
	void InterruptVector()         __attribute__((naked)) __attribute((section(".init"))) __attribute((weak,alias("InterruptVectorDefault"))) __attribute((naked));
	void InterruptVectorDefault()  __attribute__((naked)) __attribute((section(".init"))) __attribute((naked));
	void InterruptVectorDefault( void )
	{
		#if !defined(FUNCONF_TINYVECTOR) || !FUNCONF_TINYVECTOR
			asm volatile( DEFAULT_INTERRUPT_VECTOR_CONTENTS );
   0:	4620006f          	j	462 <handle_reset>
   4:	00000000          	.word	0x00000000
   8:	0000051e          	.word	0x0000051e
   c:	000004d2          	.word	0x000004d2
	...
  30:	000009a2          	.word	0x000009a2
  34:	00000000          	.word	0x00000000
  38:	000004d2          	.word	0x000004d2
  3c:	00000000          	.word	0x00000000
  40:	000004d2          	.word	0x000004d2
  44:	000004d2          	.word	0x000004d2
  48:	000004d2          	.word	0x000004d2
  4c:	000004d2          	.word	0x000004d2
  50:	000004d2          	.word	0x000004d2
  54:	000004d2          	.word	0x000004d2
  58:	000004d2          	.word	0x000004d2
  5c:	000004d2          	.word	0x000004d2
  60:	000004d2          	.word	0x000004d2
  64:	000004d2          	.word	0x000004d2
  68:	000004d2          	.word	0x000004d2
  6c:	000004d2          	.word	0x000004d2
  70:	000004d2          	.word	0x000004d2
  74:	000004d2          	.word	0x000004d2
  78:	000004d2          	.word	0x000004d2
  7c:	000004d2          	.word	0x000004d2
  80:	000004d2          	.word	0x000004d2
  84:	000004d2          	.word	0x000004d2
  88:	000004d2          	.word	0x000004d2
  8c:	000004d2          	.word	0x000004d2
  90:	000004d2          	.word	0x000004d2
  94:	000004d2          	.word	0x000004d2
  98:	000004d2          	.word	0x000004d2
  9c:	0000                	unimp
	...

Disassembly of section .text:

000000a0 <__mulsi3>:
  a0:	862a                	mv	a2,a0
  a2:	4501                	li	a0,0
  a4:	0015f693          	andi	a3,a1,1
  a8:	c291                	beqz	a3,ac <__mulsi3+0xc>
  aa:	9532                	add	a0,a0,a2
  ac:	8185                	srli	a1,a1,0x1
  ae:	0606                	slli	a2,a2,0x1
  b0:	f9f5                	bnez	a1,a4 <__mulsi3+0x4>
  b2:	8082                	ret
  b4:	0000                	unimp
	...

000000b8 <__divsi3>:
  b8:	02054e63          	bltz	a0,f4 <__umodsi3+0x8>
  bc:	0405c363          	bltz	a1,102 <__umodsi3+0x16>

000000c0 <__hidden___udivsi3>:
  c0:	862e                	mv	a2,a1
  c2:	85aa                	mv	a1,a0
  c4:	557d                	li	a0,-1
  c6:	c215                	beqz	a2,ea <__hidden___udivsi3+0x2a>
  c8:	4685                	li	a3,1
  ca:	00b67863          	bgeu	a2,a1,da <__hidden___udivsi3+0x1a>
  ce:	00c05663          	blez	a2,da <__hidden___udivsi3+0x1a>
  d2:	0606                	slli	a2,a2,0x1
  d4:	0686                	slli	a3,a3,0x1
  d6:	feb66ce3          	bltu	a2,a1,ce <__hidden___udivsi3+0xe>
  da:	4501                	li	a0,0
  dc:	00c5e463          	bltu	a1,a2,e4 <__hidden___udivsi3+0x24>
  e0:	8d91                	sub	a1,a1,a2
  e2:	8d55                	or	a0,a0,a3
  e4:	8285                	srli	a3,a3,0x1
  e6:	8205                	srli	a2,a2,0x1
  e8:	faf5                	bnez	a3,dc <__hidden___udivsi3+0x1c>
  ea:	8082                	ret

000000ec <__umodsi3>:
  ec:	8286                	mv	t0,ra
  ee:	3fc9                	jal	c0 <__hidden___udivsi3>
  f0:	852e                	mv	a0,a1
  f2:	8282                	jr	t0
  f4:	40a00533          	neg	a0,a0
  f8:	00b04763          	bgtz	a1,106 <__umodsi3+0x1a>
  fc:	40b005b3          	neg	a1,a1
 100:	b7c1                	j	c0 <__hidden___udivsi3>
 102:	40b005b3          	neg	a1,a1
 106:	8286                	mv	t0,ra
 108:	3f65                	jal	c0 <__hidden___udivsi3>
 10a:	40a00533          	neg	a0,a0
 10e:	8282                	jr	t0

00000110 <__modsi3>:
 110:	8286                	mv	t0,ra
 112:	0005c763          	bltz	a1,120 <__modsi3+0x10>
 116:	00054963          	bltz	a0,128 <__modsi3+0x18>
 11a:	375d                	jal	c0 <__hidden___udivsi3>
 11c:	852e                	mv	a0,a1
 11e:	8282                	jr	t0
 120:	40b005b3          	neg	a1,a1
 124:	fe055be3          	bgez	a0,11a <__modsi3+0xa>
 128:	40a00533          	neg	a0,a0
 12c:	3f51                	jal	c0 <__hidden___udivsi3>
 12e:	40b00533          	neg	a0,a1
 132:	8282                	jr	t0
	...

00000136 <mini_pad>:
	if(pad_to == 0) pad_to = len;
 136:	c699                	beqz	a3,144 <mini_pad+0xe>
	int overflow = 0;
 138:	4301                	li	t1,0
	if(len > pad_to) {
 13a:	00b6d763          	bge	a3,a1,148 <mini_pad+0x12>
		len = pad_to;
 13e:	85b6                	mv	a1,a3
		overflow = 1;
 140:	4305                	li	t1,1
 142:	a019                	j	148 <mini_pad+0x12>
	int overflow = 0;
 144:	4301                	li	t1,0
	if(pad_to == 0) pad_to = len;
 146:	86ae                	mv	a3,a1
	for(i = pad_to - len; i > 0; i --) {
 148:	8e8d                	sub	a3,a3,a1
	char * pbuffer = buffer;
 14a:	87ba                	mv	a5,a4
 14c:	00e683b3          	add	t2,a3,a4
	for(i = pad_to - len; i > 0; i --) {
 150:	40f382b3          	sub	t0,t2,a5
 154:	04504a63          	bgtz	t0,1a8 <mini_pad+0x72>
 158:	fff6c793          	not	a5,a3
 15c:	87fd                	srai	a5,a5,0x1f
 15e:	8efd                	and	a3,a3,a5
 160:	96ba                	add	a3,a3,a4
 162:	4781                	li	a5,0
	for(i = len; i > 0; i --) {
 164:	40f58633          	sub	a2,a1,a5
 168:	00f682b3          	add	t0,a3,a5
 16c:	04c04263          	bgtz	a2,1b0 <mini_pad+0x7a>
 170:	fff5c793          	not	a5,a1
 174:	87fd                	srai	a5,a5,0x1f
 176:	8dfd                	and	a1,a1,a5
 178:	95b6                	add	a1,a1,a3
	len = pbuffer - buffer;
 17a:	40e58533          	sub	a0,a1,a4
	if(overflow) {
 17e:	02030463          	beqz	t1,1a6 <mini_pad+0x70>
		for (i = 0; i < 3 && pbuffer > buffer; i ++) {
 182:	02b77263          	bgeu	a4,a1,1a6 <mini_pad+0x70>
			*(pbuffer-- - 1) = '*';
 186:	02a00793          	li	a5,42
 18a:	fef58fa3          	sb	a5,-1(a1)
 18e:	fff58693          	addi	a3,a1,-1
		for (i = 0; i < 3 && pbuffer > buffer; i ++) {
 192:	00d77a63          	bgeu	a4,a3,1a6 <mini_pad+0x70>
			*(pbuffer-- - 1) = '*';
 196:	fef58f23          	sb	a5,-2(a1)
 19a:	ffe58693          	addi	a3,a1,-2
		for (i = 0; i < 3 && pbuffer > buffer; i ++) {
 19e:	00d77463          	bgeu	a4,a3,1a6 <mini_pad+0x70>
			*(pbuffer-- - 1) = '*';
 1a2:	fef58ea3          	sb	a5,-3(a1)
}
 1a6:	8082                	ret
		*(pbuffer++) = pad_char;
 1a8:	0785                	addi	a5,a5,1
 1aa:	fec78fa3          	sb	a2,-1(a5)
	for(i = pad_to - len; i > 0; i --) {
 1ae:	b74d                	j	150 <mini_pad+0x1a>
		*(pbuffer++) = *(ptr++);
 1b0:	00f50633          	add	a2,a0,a5
 1b4:	00064603          	lbu	a2,0(a2)
 1b8:	0785                	addi	a5,a5,1
 1ba:	00c28023          	sb	a2,0(t0)
	for(i = len; i > 0; i --) {
 1be:	b75d                	j	164 <mini_pad+0x2e>

000001c0 <_puts>:
{
 1c0:	832a                	mv	t1,a0
 1c2:	852e                	mv	a0,a1
	if(!buf) return len;
 1c4:	ce01                	beqz	a2,1dc <_puts+0x1c>
	char * p0 = b->buffer;
 1c6:	00062283          	lw	t0,0(a2)
	for (i = 0; i < len; i++) {
 1ca:	4701                	li	a4,0
		if(b->pbuffer == b->buffer + b->buffer_len - 1) {
 1cc:	425c                	lw	a5,4(a2)
	for (i = 0; i < len; i++) {
 1ce:	00a74863          	blt	a4,a0,1de <_puts+0x1e>
	*(b->pbuffer) = 0;
 1d2:	00078023          	sb	zero,0(a5)
	return b->pbuffer - p0;
 1d6:	4248                	lw	a0,4(a2)
 1d8:	40550533          	sub	a0,a0,t0
}
 1dc:	8082                	ret
		if(b->pbuffer == b->buffer + b->buffer_len - 1) {
 1de:	460c                	lw	a1,8(a2)
 1e0:	4214                	lw	a3,0(a2)
 1e2:	15fd                	addi	a1,a1,-1
 1e4:	96ae                	add	a3,a3,a1
 1e6:	fed786e3          	beq	a5,a3,1d2 <_puts+0x12>
		*(b->pbuffer ++) = s[i];
 1ea:	00178693          	addi	a3,a5,1
 1ee:	c254                	sw	a3,4(a2)
 1f0:	00e306b3          	add	a3,t1,a4
 1f4:	0006c683          	lbu	a3,0(a3)
	for (i = 0; i < len; i++) {
 1f8:	0705                	addi	a4,a4,1
		*(b->pbuffer ++) = s[i];
 1fa:	00d78023          	sb	a3,0(a5)
	for (i = 0; i < len; i++) {
 1fe:	b7f9                	j	1cc <_puts+0xc>

00000200 <PrintHex>:
	while( (*DMDATA0) & 0x80 );
 200:	e00007b7          	lui	a5,0xe0000
 204:	0f478793          	addi	a5,a5,244 # e00000f4 <_eusrstack+0xbffff8f4>
 208:	4398                	lw	a4,0(a5)
 20a:	08077713          	andi	a4,a4,128
 20e:	ff6d                	bnez	a4,208 <PrintHex+0x8>
	*DMDATA0 = 0x78302088; //" 0x"
 210:	78302737          	lui	a4,0x78302
 214:	08870713          	addi	a4,a4,136 # 78302088 <_eusrstack+0x58301888>
		while( (*DMDATA0) & 0x80 );
 218:	e00006b7          	lui	a3,0xe0000
	*DMDATA0 = 0x78302088; //" 0x"
 21c:	c398                	sw	a4,0(a5)
		while( (*DMDATA0) & 0x80 );
 21e:	0f468693          	addi	a3,a3,244 # e00000f4 <_eusrstack+0xbffff8f4>
	for( shift = 28; shift >= 0; shift -= 4 )
 222:	4771                	li	a4,28
		s += ( s < 10 ) ? '0' : ('a' - 10);
 224:	45a5                	li	a1,9
	for( shift = 28; shift >= 0; shift -= 4 )
 226:	5671                	li	a2,-4
		while( (*DMDATA0) & 0x80 );
 228:	429c                	lw	a5,0(a3)
 22a:	0807f793          	andi	a5,a5,128
 22e:	ffed                	bnez	a5,228 <PrintHex+0x28>
		int s = (n>>shift) & 0xf;
 230:	00e55333          	srl	t1,a0,a4
 234:	00f37313          	andi	t1,t1,15
		s += ( s < 10 ) ? '0' : ('a' - 10);
 238:	0065b7b3          	sltu	a5,a1,t1
 23c:	40f007b3          	neg	a5,a5
 240:	0277f793          	andi	a5,a5,39
 244:	03078793          	addi	a5,a5,48
 248:	979a                	add	a5,a5,t1
		*DMDATA0 = 0x85 | (s<<8); //" 0x"
 24a:	07a2                	slli	a5,a5,0x8
 24c:	0857e793          	ori	a5,a5,133
 250:	c29c                	sw	a5,0(a3)
	for( shift = 28; shift >= 0; shift -= 4 )
 252:	1771                	addi	a4,a4,-4
 254:	fcc71ae3          	bne	a4,a2,228 <PrintHex+0x28>
}
 258:	8082                	ret

0000025a <mini_itoa.part.0>:
int mini_itoa(long value, unsigned int radix, int uppercase, int unsig, char *buffer)
 25a:	1101                	addi	sp,sp,-32
 25c:	ce06                	sw	ra,28(sp)
 25e:	cc22                	sw	s0,24(sp)
 260:	ca26                	sw	s1,20(sp)
	int	negative = 0;
 262:	c002                	sw	zero,0(sp)
int mini_itoa(long value, unsigned int radix, int uppercase, int unsig, char *buffer)
 264:	832a                	mv	t1,a0
	if (value < 0 && !unsig) {
 266:	00055763          	bgez	a0,274 <mini_itoa.part.0+0x1a>
 26a:	e689                	bnez	a3,274 <mini_itoa.part.0+0x1a>
		negative = 1;
 26c:	4785                	li	a5,1
		value = -value;
 26e:	40a00333          	neg	t1,a0
		negative = 1;
 272:	c03e                	sw	a5,0(sp)
 274:	8a05                	andi	a2,a2,1
 276:	06100413          	li	s0,97
 27a:	c219                	beqz	a2,280 <mini_itoa.part.0+0x26>
 27c:	04100413          	li	s0,65
	int	negative = 0;
 280:	84ba                	mv	s1,a4
		*(pbuffer++) = (digit < 10 ? '0' + digit : (uppercase ? 'A' : 'a') + digit - 10);
 282:	1459                	addi	s0,s0,-10
		int digit = value % radix;
 284:	851a                	mv	a0,t1
 286:	c83a                	sw	a4,16(sp)
 288:	c21a                	sw	t1,4(sp)
 28a:	c62e                	sw	a1,12(sp)
 28c:	c41a                	sw	t1,8(sp)
 28e:	3db9                	jal	ec <__umodsi3>
		*(pbuffer++) = (digit < 10 ? '0' + digit : (uppercase ? 'A' : 'a') + digit - 10);
 290:	47a5                	li	a5,9
 292:	4322                	lw	t1,8(sp)
 294:	45b2                	lw	a1,12(sp)
 296:	4742                	lw	a4,16(sp)
 298:	0ff57693          	zext.b	a3,a0
 29c:	06a7e163          	bltu	a5,a0,2fe <mini_itoa.part.0+0xa4>
 2a0:	03068693          	addi	a3,a3,48
 2a4:	0ff6f693          	zext.b	a3,a3
 2a8:	00148793          	addi	a5,s1,1
 2ac:	00d48023          	sb	a3,0(s1)
		value /= radix;
 2b0:	851a                	mv	a0,t1
 2b2:	c83a                	sw	a4,16(sp)
		*(pbuffer++) = (digit < 10 ? '0' + digit : (uppercase ? 'A' : 'a') + digit - 10);
 2b4:	c63e                	sw	a5,12(sp)
		value /= radix;
 2b6:	c42e                	sw	a1,8(sp)
 2b8:	3521                	jal	c0 <__hidden___udivsi3>
	} while (value > 0);
 2ba:	4692                	lw	a3,4(sp)
 2bc:	45a2                	lw	a1,8(sp)
 2be:	47b2                	lw	a5,12(sp)
 2c0:	4742                	lw	a4,16(sp)
		value /= radix;
 2c2:	832a                	mv	t1,a0
	} while (value > 0);
 2c4:	02b6fb63          	bgeu	a3,a1,2fa <mini_itoa.part.0+0xa0>
	if (negative)
 2c8:	4682                	lw	a3,0(sp)
 2ca:	c699                	beqz	a3,2d8 <mini_itoa.part.0+0x7e>
		*(pbuffer++) = '-';
 2cc:	02d00693          	li	a3,45
 2d0:	00d78023          	sb	a3,0(a5)
 2d4:	00248793          	addi	a5,s1,2
	len = (pbuffer - buffer);
 2d8:	40e78533          	sub	a0,a5,a4
	for (i = 0; i < len / 2; i++) {
 2dc:	01f55693          	srli	a3,a0,0x1f
 2e0:	96aa                	add	a3,a3,a0
	*(pbuffer) = '\0';
 2e2:	00078023          	sb	zero,0(a5)
	for (i = 0; i < len / 2; i++) {
 2e6:	8685                	srai	a3,a3,0x1
 2e8:	4601                	li	a2,0
 2ea:	17fd                	addi	a5,a5,-1
 2ec:	00d64b63          	blt	a2,a3,302 <mini_itoa.part.0+0xa8>
}
 2f0:	40f2                	lw	ra,28(sp)
 2f2:	4462                	lw	s0,24(sp)
 2f4:	44d2                	lw	s1,20(sp)
 2f6:	6105                	addi	sp,sp,32
 2f8:	8082                	ret
		*(pbuffer++) = (digit < 10 ? '0' + digit : (uppercase ? 'A' : 'a') + digit - 10);
 2fa:	84be                	mv	s1,a5
 2fc:	b761                	j	284 <mini_itoa.part.0+0x2a>
 2fe:	96a2                	add	a3,a3,s0
 300:	b755                	j	2a4 <mini_itoa.part.0+0x4a>
		char j = buffer[i];
 302:	00c705b3          	add	a1,a4,a2
		buffer[i] = buffer[len-i-1];
 306:	0007c283          	lbu	t0,0(a5)
		char j = buffer[i];
 30a:	0005c303          	lbu	t1,0(a1)
	for (i = 0; i < len / 2; i++) {
 30e:	0605                	addi	a2,a2,1
		buffer[i] = buffer[len-i-1];
 310:	00558023          	sb	t0,0(a1)
		buffer[len-i-1] = j;
 314:	00678023          	sb	t1,0(a5)
	for (i = 0; i < len / 2; i++) {
 318:	bfc9                	j	2ea <mini_itoa.part.0+0x90>

0000031a <gpio_set_mode>:
	
	// Make array of uint8_t from [pin] enum. See definition for details
	uint8_t *byte = (uint8_t *)&pin;
	
	// Set the RCC Register to enable clock on the specified port
	GPIO_RCC->APB2PCENR |= (RCC_APB2PCENR_AFIO | (RCC_APB2PCENR_IOPxEN << byte[0]));
 31a:	400216b7          	lui	a3,0x40021
 31e:	4e90                	lw	a2,24(a3)
 320:	4791                	li	a5,4
 322:	00a797b3          	sll	a5,a5,a0
 326:	8fd1                	or	a5,a5,a2
 328:	0017e793          	ori	a5,a5,1
 32c:	ce9c                	sw	a5,24(a3)
 32e:	0ff57713          	zext.b	a4,a0

	// Clear then set the GPIO Config Register
	GPIO_PORT_MAP[ byte[0] ]->CFGLR &=        ~(0x0F  << (4 * byte[1]));
 332:	6785                	lui	a5,0x1
 334:	070a                	slli	a4,a4,0x2
 336:	b1c78793          	addi	a5,a5,-1252 # b1c <GPIO_PORT_MAP>
 33a:	97ba                	add	a5,a5,a4
 33c:	4398                	lw	a4,0(a5)
 33e:	8119                	srli	a0,a0,0x6
 340:	3fc57513          	andi	a0,a0,1020
 344:	4314                	lw	a3,0(a4)
 346:	47bd                	li	a5,15
 348:	00a797b3          	sll	a5,a5,a0
 34c:	fff7c793          	not	a5,a5
 350:	8ff5                	and	a5,a5,a3
 352:	c31c                	sw	a5,0(a4)
	GPIO_PORT_MAP[ byte[0] ]->CFGLR |=  (mode & 0x0F) << (4 * byte[1]);
 354:	431c                	lw	a5,0(a4)
 356:	00a595b3          	sll	a1,a1,a0
 35a:	8ddd                	or	a1,a1,a5
 35c:	c30c                	sw	a1,0(a4)

	// If [mode] is INPUT_PULLUP or INPUT_PULLDOWN, set the [OUTDR] Register
	if(mode == INPUT_PULLUP || mode == INPUT_PULLDOWN)
		gpio_digital_write(pin, mode >> 4);
}
 35e:	8082                	ret

00000360 <internal_handle_input.constprop.0>:
void handle_debug_input( int numbytes, uint8_t * data ) __attribute__((weak));
void handle_debug_input( int numbytes, uint8_t * data ) { (void)numbytes; (void)data; }

static void internal_handle_input( volatile uint32_t * dmdata0 )
{
	uint32_t dmd0 = *dmdata0;
 360:	e00007b7          	lui	a5,0xe0000
 364:	0f47a783          	lw	a5,244(a5) # e00000f4 <_eusrstack+0xbffff8f4>
	int bytes = (dmd0 & 0x3f) - 4;
	if( bytes > 0 && bytes < 16 )
	{
		handle_debug_input( bytes, ((uint8_t*)dmdata0) + 1 );
	}
}
 368:	8082                	ret

0000036a <_write.constprop.0>:
//     status word = 0xcx = timed out.
// declare as weak to allow overriding.
WEAK int _write(int fd, const char *buf, int size)
{
	(void)fd;
	if( ( *DMDATA0 & 0xc0 ) == 0xc0 ) return 0;
 36a:	e00007b7          	lui	a5,0xe0000
 36e:	0f478793          	addi	a5,a5,244 # e00000f4 <_eusrstack+0xbffff8f4>
 372:	4398                	lw	a4,0(a5)
WEAK int _write(int fd, const char *buf, int size)
 374:	1121                	addi	sp,sp,-24
 376:	ca06                	sw	ra,20(sp)
 378:	c822                	sw	s0,16(sp)
 37a:	c626                	sw	s1,12(sp)
	if( ( *DMDATA0 & 0xc0 ) == 0xc0 ) return 0;
 37c:	0c077713          	andi	a4,a4,192
 380:	0c000693          	li	a3,192
 384:	00d70b63          	beq	a4,a3,39a <_write.constprop.0+0x30>

	char buffer[4] = { 0 };
 388:	c402                	sw	zero,8(sp)
 38a:	842e                	mv	s0,a1
	int place = 0;
	uint32_t lastdmd;
	uint32_t timeout = FUNCONF_DEBUGPRINTF_TIMEOUT; // Give up after ~120ms

	if( size == 0 )
 38c:	eddd                	bnez	a1,44a <_write.constprop.0+0xe0>
	{
		lastdmd = (*DMDATA0);
 38e:	439c                	lw	a5,0(a5)
		if( lastdmd && !(lastdmd&0x80) ) internal_handle_input( (uint32_t*)DMDATA0 );
 390:	c789                	beqz	a5,39a <_write.constprop.0+0x30>
 392:	0807f793          	andi	a5,a5,128
 396:	e391                	bnez	a5,39a <_write.constprop.0+0x30>
 398:	37e1                	jal	360 <internal_handle_input.constprop.0>
	if( ( *DMDATA0 & 0xc0 ) == 0xc0 ) return 0;
 39a:	4401                	li	s0,0

		//buf += tosend;
		place += tosend;
	}
	return size;
}
 39c:	40d2                	lw	ra,20(sp)
 39e:	8522                	mv	a0,s0
 3a0:	4442                	lw	s0,16(sp)
 3a2:	44b2                	lw	s1,12(sp)
 3a4:	0161                	addi	sp,sp,24
 3a6:	8082                	ret
		int tosend = size - place;
 3a8:	409407b3          	sub	a5,s0,s1
		if( tosend > 7 ) tosend = 7;
 3ac:	471d                	li	a4,7
 3ae:	00f75363          	bge	a4,a5,3b4 <_write.constprop.0+0x4a>
 3b2:	87ba                	mv	a5,a4
 3b4:	001006b7          	lui	a3,0x100
		while( ( lastdmd = (*DMDATA0) ) & 0x80 )
 3b8:	e0000737          	lui	a4,0xe0000
		if( tosend > 7 ) tosend = 7;
 3bc:	0685                	addi	a3,a3,1 # 100001 <lib_gpioctrl.c.9b7c6186+0xfd15d>
		while( ( lastdmd = (*DMDATA0) ) & 0x80 )
 3be:	0f470713          	addi	a4,a4,244 # e00000f4 <_eusrstack+0xbffff8f4>
 3c2:	4310                	lw	a2,0(a4)
 3c4:	08067593          	andi	a1,a2,128
 3c8:	e1a5                	bnez	a1,428 <_write.constprop.0+0xbe>
		if( lastdmd ) internal_handle_input( (uint32_t*)DMDATA0 );
 3ca:	c611                	beqz	a2,3d6 <_write.constprop.0+0x6c>
 3cc:	c22a                	sw	a0,4(sp)
 3ce:	c03e                	sw	a5,0(sp)
 3d0:	3f41                	jal	360 <internal_handle_input.constprop.0>
 3d2:	4512                	lw	a0,4(sp)
 3d4:	4782                	lw	a5,0(sp)
 3d6:	0034                	addi	a3,sp,8
		if( tosend > 7 ) tosend = 7;
 3d8:	470d                	li	a4,3
 3da:	85b6                	mv	a1,a3
		while( t < tosend )
 3dc:	04f74d63          	blt	a4,a5,436 <_write.constprop.0+0xcc>
		*DMDATA1 = *(uint32_t*)&(buffer[0]);
 3e0:	46a2                	lw	a3,8(sp)
 3e2:	e0000737          	lui	a4,0xe0000
		while( t < tosend && t < 3 )
 3e6:	460d                	li	a2,3
		*DMDATA1 = *(uint32_t*)&(buffer[0]);
 3e8:	0ed72c23          	sw	a3,248(a4) # e00000f8 <_eusrstack+0xbffff8f8>
 3ec:	009506b3          	add	a3,a0,s1
		t = 0;
 3f0:	4701                	li	a4,0
			buffer[t+1] = buf[t+place];
 3f2:	0006c283          	lbu	t0,0(a3)
 3f6:	0705                	addi	a4,a4,1
 3f8:	00e58333          	add	t1,a1,a4
 3fc:	00530023          	sb	t0,0(t1)
		while( t < tosend && t < 3 )
 400:	00e78563          	beq	a5,a4,40a <_write.constprop.0+0xa0>
 404:	0685                	addi	a3,a3,1
 406:	fec716e3          	bne	a4,a2,3f2 <_write.constprop.0+0x88>
		buffer[0] = 0x80 | (tosend + 4);
 40a:	00478713          	addi	a4,a5,4
 40e:	f8076713          	ori	a4,a4,-128
 412:	00e10423          	sb	a4,8(sp)
		*DMDATA0 = *(uint32_t*)&(buffer[0]);
 416:	46a2                	lw	a3,8(sp)
 418:	e0000737          	lui	a4,0xe0000
		place += tosend;
 41c:	94be                	add	s1,s1,a5
		*DMDATA0 = *(uint32_t*)&(buffer[0]);
 41e:	0ed72a23          	sw	a3,244(a4) # e00000f4 <_eusrstack+0xbffff8f4>
	while( place < size )
 422:	f884c3e3          	blt	s1,s0,3a8 <_write.constprop.0+0x3e>
 426:	bf9d                	j	39c <_write.constprop.0+0x32>
			if( timeout-- == 0 )
 428:	16fd                	addi	a3,a3,-1
 42a:	fec1                	bnez	a3,3c2 <_write.constprop.0+0x58>
				*DMDATA0 |= 0xc0;
 42c:	431c                	lw	a5,0(a4)
 42e:	0c07e793          	ori	a5,a5,192
 432:	c31c                	sw	a5,0(a4)
				return 0;
 434:	b79d                	j	39a <_write.constprop.0+0x30>
			buffer[t-3] = buf[t+place];
 436:	00e48633          	add	a2,s1,a4
 43a:	962a                	add	a2,a2,a0
 43c:	00064603          	lbu	a2,0(a2)
			t++;
 440:	0705                	addi	a4,a4,1
 442:	0685                	addi	a3,a3,1
			buffer[t-3] = buf[t+place];
 444:	fec68fa3          	sb	a2,-1(a3)
 448:	bf51                	j	3dc <_write.constprop.0+0x72>
 44a:	4481                	li	s1,0
 44c:	bfd9                	j	422 <_write.constprop.0+0xb8>

0000044e <__puts_uart>:
{
 44e:	1161                	addi	sp,sp,-8
 450:	c022                	sw	s0,0(sp)
 452:	c206                	sw	ra,4(sp)
 454:	842e                	mv	s0,a1
	_write( 0, s, len );
 456:	3f11                	jal	36a <_write.constprop.0>
}
 458:	4092                	lw	ra,4(sp)
 45a:	8522                	mv	a0,s0
 45c:	4402                	lw	s0,0(sp)
 45e:	0121                	addi	sp,sp,8
 460:	8082                	ret

00000462 <handle_reset>:
	asm volatile( "\n\
 462:	20000197          	auipc	gp,0x20000
 466:	f9a18193          	addi	gp,gp,-102 # 200003fc <__global_pointer$>
 46a:	40418113          	addi	sp,gp,1028 # 20000800 <_eusrstack>
 46e:	6509                	lui	a0,0x2
 470:	88050513          	addi	a0,a0,-1920 # 1880 <ch32fun.c.e1d0904f+0x619>
 474:	30051073          	csrw	mstatus,a0
 478:	468d                	li	a3,3
 47a:	00000517          	auipc	a0,0x0
 47e:	b8650513          	addi	a0,a0,-1146 # 0 <InterruptVector>
 482:	8d55                	or	a0,a0,a3
 484:	30551073          	csrw	mtvec,a0
asm volatile(
 488:	c0418513          	addi	a0,gp,-1020 # 20000000 <g_systick_millis>
 48c:	c0818593          	addi	a1,gp,-1016 # 20000004 <_ebss>
 490:	4601                	li	a2,0
 492:	00b55663          	bge	a0,a1,49e <handle_reset+0x3c>
 496:	c110                	sw	a2,0(a0)
 498:	0511                	addi	a0,a0,4
 49a:	feb54ee3          	blt	a0,a1,496 <handle_reset+0x34>
 49e:	00000517          	auipc	a0,0x0
 4a2:	68e50513          	addi	a0,a0,1678 # b2c <_data_lma>
 4a6:	c0418593          	addi	a1,gp,-1020 # 20000000 <g_systick_millis>
 4aa:	c0418613          	addi	a2,gp,-1020 # 20000000 <g_systick_millis>
 4ae:	00c58863          	beq	a1,a2,4be <handle_reset+0x5c>
 4b2:	4114                	lw	a3,0(a0)
 4b4:	c194                	sw	a3,0(a1)
 4b6:	0511                	addi	a0,a0,4
 4b8:	0591                	addi	a1,a1,4
 4ba:	fec59ae3          	bne	a1,a2,4ae <handle_reset+0x4c>
	SysTick->CTLR = 5;
 4be:	e000f7b7          	lui	a5,0xe000f
 4c2:	4715                	li	a4,5
 4c4:	c398                	sw	a4,0(a5)
asm volatile(
 4c6:	77000793          	li	a5,1904
 4ca:	34179073          	csrw	mepc,a5
 4ce:	30200073          	mret

000004d2 <ADC1_2_IRQHandler>:

// Return the Machine Exception Program Register (MEPC)
static inline uint32_t __get_MEPC(void)
{
	uint32_t result;
	__ASM volatile( ADD_ARCH_ZICSR "csrr %0," "mepc" : "=r"(result));
 4d2:	34102573          	csrr	a0,mepc
	PrintHex( __get_MEPC() ); // "addr2line -e debugprintfdemo.elf 0x000007e6" ---> debugprintfdemo.c:45
 4d6:	332d                	jal	200 <PrintHex>
	__ASM volatile( ADD_ARCH_ZICSR "csrr %0, mstatus": "=r"(result) );
 4d8:	30002573          	csrr	a0,mstatus
	PrintHex( __get_MSTATUS() );
 4dc:	3315                	jal	200 <PrintHex>

// Return the Machine Trap Value Register (MTVAL)
static inline uint32_t __get_MTVAL(void)
{
	uint32_t result;
	__ASM volatile( ADD_ARCH_ZICSR "csrr %0," "mtval" : "=r" (result) );
 4de:	34302573          	csrr	a0,mtval
	PrintHex( __get_MTVAL() );
 4e2:	3b39                	jal	200 <PrintHex>
	__ASM volatile( ADD_ARCH_ZICSR "csrr %0," "mcause": "=r"(result));
 4e4:	34202573          	csrr	a0,mcause
	PrintHex( __get_MCAUSE() );
 4e8:	3b21                	jal	200 <PrintHex>
	while( (*DMDATA0) & 0x80 );
 4ea:	e00007b7          	lui	a5,0xe0000
 4ee:	0f478793          	addi	a5,a5,244 # e00000f4 <_eusrstack+0xbffff8f4>
 4f2:	4398                	lw	a4,0(a5)
 4f4:	08077713          	andi	a4,a4,128
 4f8:	ff6d                	bnez	a4,4f2 <ADC1_2_IRQHandler+0x20>
	*DMDATA0 = 0x0a85;
 4fa:	6705                	lui	a4,0x1
 4fc:	a8570713          	addi	a4,a4,-1403 # a85 <thermistor_pair+0xb1>
 500:	c398                	sw	a4,0(a5)
	while( (*DMDATA0) & 0x80 );
 502:	e00007b7          	lui	a5,0xe0000
 506:	0f478793          	addi	a5,a5,244 # e00000f4 <_eusrstack+0xbffff8f4>
 50a:	4398                	lw	a4,0(a5)
 50c:	08077713          	andi	a4,a4,128
 510:	ff6d                	bnez	a4,50a <ADC1_2_IRQHandler+0x38>
	*DMDATA0 = 0xaaaaaa83;
 512:	aaaab737          	lui	a4,0xaaaab
 516:	a8370713          	addi	a4,a4,-1405 # aaaaaa83 <_eusrstack+0x8aaaa283>
 51a:	c398                	sw	a4,0(a5)
	asm volatile( "1: j 1b" );
 51c:	a001                	j	51c <ADC1_2_IRQHandler+0x4a>

0000051e <NMI_Handler>:
	RCC->INTR |= RCC_CSSC;	// clear the clock security int flag
 51e:	40021737          	lui	a4,0x40021
 522:	471c                	lw	a5,8(a4)
 524:	008006b7          	lui	a3,0x800
 528:	8fd5                	or	a5,a5,a3
 52a:	c71c                	sw	a5,8(a4)

0000052c <strlen>:
	for (; *s; s++);
 52c:	87aa                	mv	a5,a0
 52e:	0007c703          	lbu	a4,0(a5)
 532:	e701                	bnez	a4,53a <strlen+0xe>
}
 534:	40a78533          	sub	a0,a5,a0
 538:	8082                	ret
	for (; *s; s++);
 53a:	0785                	addi	a5,a5,1
 53c:	bfcd                	j	52e <strlen+0x2>

0000053e <mini_vpprintf>:
{
 53e:	fa410113          	addi	sp,sp,-92
 542:	caa2                	sw	s0,84(sp)
 544:	c8a6                	sw	s1,80(sp)
 546:	cc86                	sw	ra,88(sp)
 548:	c02a                	sw	a0,0(sp)
 54a:	c22e                	sw	a1,4(sp)
 54c:	8432                	mv	s0,a2
 54e:	84b6                	mv	s1,a3
	if(puts == (void*)0) {
 550:	e509                	bnez	a0,55a <mini_vpprintf+0x1c>
		puts = _puts; buf = (void*)0;
 552:	1c000793          	li	a5,448
 556:	c202                	sw	zero,4(sp)
 558:	c03e                	sw	a5,0(sp)
	int n = 0;
 55a:	ca02                	sw	zero,20(sp)
	while ((ch=*(fmt++))) {
 55c:	00044783          	lbu	a5,0(s0)
 560:	00140713          	addi	a4,s0,1
 564:	00f10fa3          	sb	a5,31(sp)
 568:	eb81                	bnez	a5,578 <mini_vpprintf+0x3a>
}
 56a:	40e6                	lw	ra,88(sp)
 56c:	4456                	lw	s0,84(sp)
 56e:	4552                	lw	a0,20(sp)
 570:	44c6                	lw	s1,80(sp)
 572:	05c10113          	addi	sp,sp,92
 576:	8082                	ret
 578:	c63a                	sw	a4,12(sp)
		if (ch!='%') {
 57a:	02500693          	li	a3,37
 57e:	02d78063          	beq	a5,a3,59e <mini_vpprintf+0x60>
			len = puts(&ch, len, buf);
 582:	4612                	lw	a2,4(sp)
 584:	4782                	lw	a5,0(sp)
 586:	4585                	li	a1,1
 588:	01f10513          	addi	a0,sp,31
 58c:	9782                	jalr	a5
	while ((ch=*(fmt++))) {
 58e:	4732                	lw	a4,12(sp)
 590:	c426                	sw	s1,8(sp)
 592:	843a                	mv	s0,a4
		n = n + len;
 594:	47d2                	lw	a5,20(sp)
 596:	44a2                	lw	s1,8(sp)
 598:	97aa                	add	a5,a5,a0
 59a:	ca3e                	sw	a5,20(sp)
 59c:	b7c1                	j	55c <mini_vpprintf+0x1e>
			ch=*(fmt++);
 59e:	00144783          	lbu	a5,1(s0)
			if (ch == '0') pad_char = '0';
 5a2:	03000693          	li	a3,48
			ch=*(fmt++);
 5a6:	00240713          	addi	a4,s0,2
 5aa:	00f10fa3          	sb	a5,31(sp)
			if (ch == '0') pad_char = '0';
 5ae:	c63e                	sw	a5,12(sp)
 5b0:	08d79363          	bne	a5,a3,636 <mini_vpprintf+0xf8>
				ch=*(fmt++);
 5b4:	843a                	mv	s0,a4
 5b6:	4681                	li	a3,0
 5b8:	4701                	li	a4,0
			while (ch >= '0' && ch <= '9') {
 5ba:	45a5                	li	a1,9
 5bc:	a819                	j	5d2 <mini_vpprintf+0x94>
				pad_to = pad_to * 10 + (ch - '0');
 5be:	00271793          	slli	a5,a4,0x2
 5c2:	97ba                	add	a5,a5,a4
 5c4:	0786                	slli	a5,a5,0x1
				ch=*(fmt++);
 5c6:	0405                	addi	s0,s0,1
				pad_to = pad_to * 10 + (ch - '0');
 5c8:	00f60733          	add	a4,a2,a5
				ch=*(fmt++);
 5cc:	fff44783          	lbu	a5,-1(s0)
 5d0:	4685                	li	a3,1
			while (ch >= '0' && ch <= '9') {
 5d2:	fd078613          	addi	a2,a5,-48
 5d6:	0ff67513          	zext.b	a0,a2
 5da:	fea5f2e3          	bgeu	a1,a0,5be <mini_vpprintf+0x80>
 5de:	c299                	beqz	a3,5e4 <mini_vpprintf+0xa6>
 5e0:	00f10fa3          	sb	a5,31(sp)
			if(pad_to > (signed int) sizeof(bf)) {
 5e4:	c83a                	sw	a4,16(sp)
 5e6:	46e1                	li	a3,24
 5e8:	00e6d363          	bge	a3,a4,5ee <mini_vpprintf+0xb0>
 5ec:	c836                	sw	a3,16(sp)
			if (ch == 'l') {
 5ee:	06c00613          	li	a2,108
			char l = 0;
 5f2:	4681                	li	a3,0
			if (ch == 'l') {
 5f4:	00c79863          	bne	a5,a2,604 <mini_vpprintf+0xc6>
				ch=*(fmt++);
 5f8:	00044783          	lbu	a5,0(s0)
				l = 1;
 5fc:	4685                	li	a3,1
				ch=*(fmt++);
 5fe:	0405                	addi	s0,s0,1
 600:	00f10fa3          	sb	a5,31(sp)
			switch (ch) {
 604:	01f14603          	lbu	a2,31(sp)
 608:	06400793          	li	a5,100
 60c:	06f60563          	beq	a2,a5,676 <mini_vpprintf+0x138>
 610:	02c7e763          	bltu	a5,a2,63e <mini_vpprintf+0x100>
 614:	05800793          	li	a5,88
 618:	0af60063          	beq	a2,a5,6b8 <mini_vpprintf+0x17a>
 61c:	06300793          	li	a5,99
 620:	0af60d63          	beq	a2,a5,6da <mini_vpprintf+0x19c>
 624:	d239                	beqz	a2,56a <mini_vpprintf+0x2c>
					len = puts(&ch, len, buf);
 626:	4612                	lw	a2,4(sp)
 628:	4782                	lw	a5,0(sp)
 62a:	4585                	li	a1,1
 62c:	01f10513          	addi	a0,sp,31
 630:	9782                	jalr	a5
					break;
 632:	c426                	sw	s1,8(sp)
 634:	b785                	j	594 <mini_vpprintf+0x56>
			char pad_char = ' ';
 636:	02000693          	li	a3,32
 63a:	c636                	sw	a3,12(sp)
 63c:	bfa5                	j	5b4 <mini_vpprintf+0x76>
			switch (ch) {
 63e:	07500793          	li	a5,117
 642:	02f60a63          	beq	a2,a5,676 <mini_vpprintf+0x138>
 646:	07800793          	li	a5,120
 64a:	06f60763          	beq	a2,a5,6b8 <mini_vpprintf+0x17a>
 64e:	07300793          	li	a5,115
 652:	fcf61ae3          	bne	a2,a5,626 <mini_vpprintf+0xe8>
					ptr = va_arg(va, char*);
 656:	00448793          	addi	a5,s1,4
 65a:	4084                	lw	s1,0(s1)
 65c:	cc3a                	sw	a4,24(sp)
 65e:	c43e                	sw	a5,8(sp)
					len = mini_strlen(ptr);
 660:	8526                	mv	a0,s1
 662:	35e9                	jal	52c <strlen>
					if (pad_to > 0) {
 664:	4762                	lw	a4,24(sp)
					len = mini_strlen(ptr);
 666:	85aa                	mv	a1,a0
					if (pad_to > 0) {
 668:	08e05663          	blez	a4,6f4 <mini_vpprintf+0x1b6>
						len = mini_pad(ptr, len, pad_char, pad_to, bf);
 66c:	46c2                	lw	a3,16(sp)
 66e:	4632                	lw	a2,12(sp)
 670:	1838                	addi	a4,sp,56
 672:	8526                	mv	a0,s1
 674:	a01d                	j	69a <mini_vpprintf+0x15c>
						len = mini_itoa(va_arg(va, unsigned long), 10, 0, (ch=='u'), bf2);
 676:	00448793          	addi	a5,s1,4
 67a:	c43e                	sw	a5,8(sp)
					if(l) {
 67c:	c695                	beqz	a3,6a8 <mini_vpprintf+0x16a>
						len = mini_itoa(va_arg(va, unsigned long), 10, 0, (ch=='u'), bf2);
 67e:	f8b60613          	addi	a2,a2,-117
 682:	1018                	addi	a4,sp,32
 684:	00163693          	seqz	a3,a2
 688:	4088                	lw	a0,0(s1)
 68a:	4601                	li	a2,0
 68c:	45a9                	li	a1,10
 68e:	36f1                	jal	25a <mini_itoa.part.0>
					len = mini_pad(bf2, len, pad_char, pad_to, bf);
 690:	46c2                	lw	a3,16(sp)
 692:	4632                	lw	a2,12(sp)
 694:	1838                	addi	a4,sp,56
 696:	85aa                	mv	a1,a0
					len = mini_pad(bf2, len, pad_char, pad_to, bf);
 698:	1008                	addi	a0,sp,32
 69a:	3c71                	jal	136 <mini_pad>
					len = puts(bf, len, buf);
 69c:	4612                	lw	a2,4(sp)
					len = mini_pad(bf2, len, pad_char, pad_to, bf);
 69e:	85aa                	mv	a1,a0
					len = puts(bf, len, buf);
 6a0:	1828                	addi	a0,sp,56
 6a2:	4782                	lw	a5,0(sp)
 6a4:	9782                	jalr	a5
					break;
 6a6:	b5fd                	j	594 <mini_vpprintf+0x56>
						if(ch == 'u') {
 6a8:	07500793          	li	a5,117
 6ac:	1018                	addi	a4,sp,32
 6ae:	4685                	li	a3,1
 6b0:	fcf60ce3          	beq	a2,a5,688 <mini_vpprintf+0x14a>
	if (radix > 16)
 6b4:	4681                	li	a3,0
 6b6:	bfc9                	j	688 <mini_vpprintf+0x14a>
					if(l) {
 6b8:	4088                	lw	a0,0(s1)
						len = mini_itoa(va_arg(va, unsigned long), 16, (ch=='X'), 1, bf2);
 6ba:	fa860613          	addi	a2,a2,-88
						len = mini_itoa(va_arg(va, unsigned long), 10, 0, (ch=='u'), bf2);
 6be:	00448793          	addi	a5,s1,4
 6c2:	1018                	addi	a4,sp,32
 6c4:	4685                	li	a3,1
 6c6:	00163613          	seqz	a2,a2
 6ca:	45c1                	li	a1,16
 6cc:	c43e                	sw	a5,8(sp)
	if (radix > 16)
 6ce:	3671                	jal	25a <mini_itoa.part.0>
					len = mini_pad(bf2, len, pad_char, pad_to, bf);
 6d0:	46c2                	lw	a3,16(sp)
 6d2:	4632                	lw	a2,12(sp)
 6d4:	85aa                	mv	a1,a0
 6d6:	1838                	addi	a4,sp,56
 6d8:	b7c1                	j	698 <mini_vpprintf+0x15a>
					ch = (char)(va_arg(va, int));
 6da:	00448793          	addi	a5,s1,4
 6de:	c43e                	sw	a5,8(sp)
 6e0:	409c                	lw	a5,0(s1)
					len = mini_pad(&ch, 1, pad_char, pad_to, bf);
 6e2:	46c2                	lw	a3,16(sp)
 6e4:	4632                	lw	a2,12(sp)
					ch = (char)(va_arg(va, int));
 6e6:	00f10fa3          	sb	a5,31(sp)
					len = mini_pad(&ch, 1, pad_char, pad_to, bf);
 6ea:	1838                	addi	a4,sp,56
 6ec:	4585                	li	a1,1
 6ee:	01f10513          	addi	a0,sp,31
 6f2:	b765                	j	69a <mini_vpprintf+0x15c>
						len = puts(ptr, len, buf);
 6f4:	4612                	lw	a2,4(sp)
 6f6:	8526                	mv	a0,s1
 6f8:	b76d                	j	6a2 <mini_vpprintf+0x164>

000006fa <printf>:
{
 6fa:	1111                	addi	sp,sp,-28
 6fc:	c632                	sw	a2,12(sp)
	int ret_status = mini_vpprintf(__puts_uart, 0, format, args);
 6fe:	862a                	mv	a2,a0
{
 700:	c42e                	sw	a1,8(sp)
 702:	c836                	sw	a3,16(sp)
	int ret_status = mini_vpprintf(__puts_uart, 0, format, args);
 704:	4581                	li	a1,0
	va_start( args, format );
 706:	0034                	addi	a3,sp,8
	int ret_status = mini_vpprintf(__puts_uart, 0, format, args);
 708:	44e00513          	li	a0,1102
{
 70c:	c206                	sw	ra,4(sp)
 70e:	ca3a                	sw	a4,20(sp)
 710:	cc3e                	sw	a5,24(sp)
	va_start( args, format );
 712:	c036                	sw	a3,0(sp)
	int ret_status = mini_vpprintf(__puts_uart, 0, format, args);
 714:	352d                	jal	53e <mini_vpprintf>
}
 716:	4092                	lw	ra,4(sp)
 718:	0171                	addi	sp,sp,28
 71a:	8082                	ret

0000071c <SystemInit>:
	#endif
#elif defined(CH32X03x)
	FLASH->ACTLR = FLASH_ACTLR_LATENCY_2;                   // +2 Cycle Latency (Recommended per TRM)
#elif defined(CH32V003)
	#if FUNCONF_SYSTEM_CORE_CLOCK > 25000000
		FLASH->ACTLR = FLASH_ACTLR_LATENCY_1;               // +1 Cycle Latency
 71c:	400227b7          	lui	a5,0x40022
 720:	4705                	li	a4,1
 722:	c398                	sw	a4,0(a5)
#elif defined(FUNCONF_USE_HSI) && FUNCONF_USE_HSI
	#if defined(CH32V30x) || defined(CH32V20x) || defined(CH32V10x)
		EXTEN->EXTEN_CTR |= EXTEN_PLL_HSI_PRE;
	#endif
	#if defined(FUNCONF_USE_PLL) && FUNCONF_USE_PLL
		RCC->CFGR0 = BASE_CFGR0;
 724:	400217b7          	lui	a5,0x40021
		RCC->CTLR  = BASE_CTLR | RCC_HSION | RCC_PLLON; 			// Use HSI, enable PLL.
 728:	01080737          	lui	a4,0x1080
		RCC->CFGR0 = BASE_CFGR0;
 72c:	0007a223          	sw	zero,4(a5) # 40021004 <_eusrstack+0x20020804>
		RCC->CTLR  = BASE_CTLR | RCC_HSION | RCC_PLLON; 			// Use HSI, enable PLL.
 730:	08170713          	addi	a4,a4,129 # 1080081 <lib_gpioctrl.c.9b7c6186+0x107d1dd>
 734:	c398                	sw	a4,0(a5)
		FLASH->ACTLR = FLASH_ACTLR_LATENCY_1;       		// +1 Cycle Latency
	#endif
#endif

#if !defined(CH57x) && !defined(CH58x) && !defined(CH59x)
	RCC->INTR  = 0x009F0000;                               // Clear PLL, CSSC, HSE, HSI and LSI ready flags.
 736:	009f0737          	lui	a4,0x9f0
 73a:	c798                	sw	a4,8(a5)
#endif

#if defined(FUNCONF_USE_PLL) && FUNCONF_USE_PLL && !defined(CH57x) && !defined(CH58x) && !defined(CH59x)
	while((RCC->CTLR & RCC_PLLRDY) == 0);                       	// Wait till PLL is ready
 73c:	4398                	lw	a4,0(a5)
 73e:	00671693          	slli	a3,a4,0x6
 742:	fe06dde3          	bgez	a3,73c <SystemInit+0x20>
	uint32_t tmp32 = RCC->CFGR0 & ~(0x03);							// clr the SW
 746:	43d8                	lw	a4,4(a5)
	RCC->CFGR0 = tmp32 | RCC_SW_PLL;                       			// Select PLL as system clock source
	while ((RCC->CFGR0 & (uint32_t)RCC_SWS) != (uint32_t)0x08); 	// Wait till PLL is used as system clock source
 748:	400216b7          	lui	a3,0x40021
	uint32_t tmp32 = RCC->CFGR0 & ~(0x03);							// clr the SW
 74c:	9b71                	andi	a4,a4,-4
	RCC->CFGR0 = tmp32 | RCC_SW_PLL;                       			// Select PLL as system clock source
 74e:	00276713          	ori	a4,a4,2
 752:	c3d8                	sw	a4,4(a5)
	while ((RCC->CFGR0 & (uint32_t)RCC_SWS) != (uint32_t)0x08); 	// Wait till PLL is used as system clock source
 754:	4721                	li	a4,8
 756:	42dc                	lw	a5,4(a3)
 758:	8bb1                	andi	a5,a5,12
 75a:	fee79ee3          	bne	a5,a4,756 <SystemInit+0x3a>
	*DMDATA1 = 0x00;
 75e:	e00007b7          	lui	a5,0xe0000
 762:	0e07ac23          	sw	zero,248(a5) # e00000f8 <_eusrstack+0xbffff8f8>
	*DMDATA0 = 0x80;
 766:	08000713          	li	a4,128
 76a:	0ee7aa23          	sw	a4,244(a5)
	SetupUART( UART_BRR );
#endif
#if defined( FUNCONF_USE_DEBUGPRINTF ) && FUNCONF_USE_DEBUGPRINTF
	SetupDebugPrintf();
#endif
}
 76e:	8082                	ret

00000770 <main>:



/*** Main ********************************************************************/
int main(void)
{
 770:	1131                	addi	sp,sp,-20
 772:	c806                	sw	ra,16(sp)
 774:	c622                	sw	s0,12(sp)
 776:	c426                	sw	s1,8(sp)
static void pwm_init(void)
{
	// NOTE: Uses TIM2 Channel 3 (PC0) as the PWM Output pin

	// Enable TIM2 Clock
	RCC->APB1PCENR |= RCC_APB1Periph_TIM2;
 778:	40021437          	lui	s0,0x40021
	SystemInit();
 77c:	3745                	jal	71c <SystemInit>
	RCC->APB1PCENR |= RCC_APB1Periph_TIM2;
 77e:	4c5c                	lw	a5,28(s0)

	// Set GPIO OUTPUT 10MHz, Aleternate Function (Multiplex)
	gpio_set_mode(GPIO_PC0, OUTPUT_10MHZ_PP | OUTPUT_PP_AF);
 780:	45a5                	li	a1,9
 782:	4509                	li	a0,2
	RCC->APB1PCENR |= RCC_APB1Periph_TIM2;
 784:	0017e793          	ori	a5,a5,1
 788:	cc5c                	sw	a5,28(s0)
	gpio_set_mode(GPIO_PC0, OUTPUT_10MHZ_PP | OUTPUT_PP_AF);
 78a:	3e41                	jal	31a <gpio_set_mode>

	// Reset TIM2, Inits all registers
	RCC->APB1PRSTR |= RCC_APB1Periph_TIM2;
 78c:	481c                	lw	a5,16(s0)
	RCC->APB1PRSTR &= ~RCC_APB1Periph_TIM2;

	// Set Prescaler to ~17KHz. More efficient switching
	TIM2->PSC = 0x000A;
 78e:	4729                	li	a4,10
	// Set the Sample Register(s) for all channels at once
	GPIO_ADC1->SAMPTR1 = cycles;
	GPIO_ADC1->SAMPTR2 = cycles;

	// Enable the ADC, and set the triggering to external
	GPIO_ADC1->CTLR2 |= ADC_ADON | ADC_EXTSEL;
 790:	000e06b7          	lui	a3,0xe0
	RCC->APB1PRSTR |= RCC_APB1Periph_TIM2;
 794:	0017e793          	ori	a5,a5,1
 798:	c81c                	sw	a5,16(s0)
	RCC->APB1PRSTR &= ~RCC_APB1Periph_TIM2;
 79a:	481c                	lw	a5,16(s0)
 79c:	0685                	addi	a3,a3,1 # e0001 <lib_gpioctrl.c.9b7c6186+0xdd15d>
 79e:	9bf9                	andi	a5,a5,-2
 7a0:	c81c                	sw	a5,16(s0)
	TIM2->PSC = 0x000A;
 7a2:	400007b7          	lui	a5,0x40000
 7a6:	02e79423          	sh	a4,40(a5) # 40000028 <_eusrstack+0x1ffff828>
	// Set PWM Max Value (Autoreload Value)
	TIM2->ATRLR = 254;
 7aa:	0fe00713          	li	a4,254
 7ae:	02e79623          	sh	a4,44(a5)

	// Set the Compare Capture Register for Channel 3
	// TIM2_OC3M = 0b111 - PWM Mode 2 - Enable Preload
	TIM2->CHCTLR2 |= TIM_OC3M_2 | TIM_OC3M_1 | TIM_OC3M_0 | TIM_OC3PE;
 7b2:	01c7d703          	lhu	a4,28(a5)
 7b6:	07876713          	ori	a4,a4,120
 7ba:	00e79e23          	sh	a4,28(a5)

	// Enable auto-reload
	TIM2->CTLR1 |= TIM_ARPE;
 7be:	0007d703          	lhu	a4,0(a5)
 7c2:	08076713          	ori	a4,a4,128
 7c6:	00e79023          	sh	a4,0(a5)

	// Enable channel output, polarity is ACTIVE_HIGH
	TIM2->CCER |= TIM_CC3E | TIM_CC3P;
 7ca:	0207d703          	lhu	a4,32(a5)
 7ce:	30076713          	ori	a4,a4,768
 7d2:	02e79023          	sh	a4,32(a5)

	// Initialise Counter
	TIM2->SWEVGR |= TIM_UG;
 7d6:	0147d703          	lhu	a4,20(a5)
 7da:	00176713          	ori	a4,a4,1
 7de:	00e79a23          	sh	a4,20(a5)

	// Enable TIM2
	TIM2->CTLR1 |= TIM_CEN;
 7e2:	0007d703          	lhu	a4,0(a5)
 7e6:	00176713          	ori	a4,a4,1
 7ea:	00e79023          	sh	a4,0(a5)


__attribute__((always_inline))
static inline void pwm_set_duty(const uint32_t duty)
{
	TIM2->CH3CVR = duty;
 7ee:	0207ae23          	sw	zero,60(a5)
	GPIO_RCC->APB2PCENR |= RCC_APB2Periph_ADC1;
 7f2:	4c1c                	lw	a5,24(s0)
	GPIO_RCC->CFGR0 &= ~ADC_CLOCK_DIV_128;
 7f4:	7741                	lui	a4,0xffff0
 7f6:	7ff70713          	addi	a4,a4,2047 # ffff07ff <_eusrstack+0xdffeffff>
	GPIO_RCC->APB2PCENR |= RCC_APB2Periph_ADC1;
 7fa:	2007e793          	ori	a5,a5,512
 7fe:	cc1c                	sw	a5,24(s0)
	GPIO_RCC->CFGR0 &= ~ADC_CLOCK_DIV_128;
 800:	405c                	lw	a5,4(s0)
 802:	8ff9                	and	a5,a5,a4
 804:	c05c                	sw	a5,4(s0)
	GPIO_RCC->CFGR0 |= div;
 806:	405c                	lw	a5,4(s0)
	GPIO_ADC1->SAMPTR1 = cycles;
 808:	24925737          	lui	a4,0x24925
 80c:	92470713          	addi	a4,a4,-1756 # 24924924 <_eusrstack+0x4924124>
	GPIO_RCC->CFGR0 |= div;
 810:	c05c                	sw	a5,4(s0)
	GPIO_RCC->APB2PRSTR |=  RCC_APB2Periph_ADC1;
 812:	445c                	lw	a5,12(s0)
 814:	2007e793          	ori	a5,a5,512
 818:	c45c                	sw	a5,12(s0)
	GPIO_RCC->APB2PRSTR &= ~RCC_APB2Periph_ADC1;
 81a:	445c                	lw	a5,12(s0)
 81c:	dff7f793          	andi	a5,a5,-513
 820:	c45c                	sw	a5,12(s0)
	GPIO_ADC1->RSQR1 = 0;
 822:	400127b7          	lui	a5,0x40012
 826:	40078793          	addi	a5,a5,1024 # 40012400 <_eusrstack+0x20011c00>
 82a:	0207a623          	sw	zero,44(a5)
	GPIO_ADC1->RSQR2 = 0;
 82e:	0207a823          	sw	zero,48(a5)
	GPIO_ADC1->RSQR3 = 0;
 832:	0207aa23          	sw	zero,52(a5)
	GPIO_ADC1->SAMPTR1 = cycles;
 836:	c7d8                	sw	a4,12(a5)
	GPIO_ADC1->SAMPTR2 = cycles;
 838:	cb98                	sw	a4,16(a5)
	GPIO_ADC1->CTLR2 |= ADC_ADON | ADC_EXTSEL;
 83a:	4798                	lw	a4,8(a5)
 83c:	8f55                	or	a4,a4,a3
 83e:	c798                	sw	a4,8(a5)
	
	// Reset calibration, wait for it to finish
	GPIO_ADC1->CTLR2 |= ADC_RSTCAL;
 840:	4798                	lw	a4,8(a5)
 842:	00876713          	ori	a4,a4,8
 846:	c798                	sw	a4,8(a5)
	while(GPIO_ADC1->CTLR2 & ADC_RSTCAL);
 848:	4798                	lw	a4,8(a5)
 84a:	8b21                	andi	a4,a4,8
 84c:	ff75                	bnez	a4,848 <main+0xd8>

	// Calibrate the ADC, want for it to finish
	GPIO_ADC1->CTLR2 |= ADC_CAL;
 84e:	4798                	lw	a4,8(a5)
 850:	00476713          	ori	a4,a4,4
 854:	c798                	sw	a4,8(a5)
	while(GPIO_ADC1->CTLR2 & ADC_CAL);
 856:	40012737          	lui	a4,0x40012
 85a:	40070713          	addi	a4,a4,1024 # 40012400 <_eusrstack+0x20011c00>
 85e:	471c                	lw	a5,8(a4)
 860:	8b91                	andi	a5,a5,4
 862:	fff5                	bnez	a5,85e <main+0xee>
	gpio_set_mode(OPAMP_CHA1_NEG, INPUT_FLOATING);
 864:	4591                	li	a1,4
 866:	10000513          	li	a0,256
 86a:	3c45                	jal	31a <gpio_set_mode>
	gpio_set_mode(OPAMP_CHA1_POS, INPUT_FLOATING);
 86c:	4591                	li	a1,4
 86e:	20000513          	li	a0,512
 872:	3465                	jal	31a <gpio_set_mode>
	gpio_set_mode(OPAMP_CHA2_POS, INPUT_FLOATING);
 874:	4591                	li	a1,4
 876:	70300513          	li	a0,1795
 87a:	3445                	jal	31a <gpio_set_mode>
	gpio_set_mode(THERM_ADC_PIN,  INPUT_ANALOG);
 87c:	4581                	li	a1,0
 87e:	50300513          	li	a0,1283
 882:	3c61                	jal	31a <gpio_set_mode>
	gpio_set_mode(BSENS_ADC_PIN,  INPUT_ANALOG);
 884:	4581                	li	a1,0
 886:	60300513          	li	a0,1539
 88a:	3c41                	jal	31a <gpio_set_mode>
	gpio_set_mode(OPAMP_ADC_PIN,  INPUT_ANALOG);	
 88c:	4581                	li	a1,0
 88e:	40300513          	li	a0,1027
 892:	3461                	jal	31a <gpio_set_mode>
	GPIO_EXTEN->EXTEN_CTR |= GPIO_EXTEN_OPA_EN;
 894:	400247b7          	lui	a5,0x40024
 898:	80078793          	addi	a5,a5,-2048 # 40023800 <_eusrstack+0x20023000>
 89c:	4398                	lw	a4,0(a5)
 89e:	66c1                	lui	a3,0x10
 8a0:	8f55                	or	a4,a4,a3
 8a2:	c398                	sw	a4,0(a5)
		(GPIO_EXTEN->EXTEN_CTR & ~GPIO_EXTEN_OPA_PSEL) |
 8a4:	4398                	lw	a4,0(a5)
 8a6:	fffc06b7          	lui	a3,0xfffc0
 8aa:	16fd                	addi	a3,a3,-1 # fffbffff <_eusrstack+0xdffbf7ff>
 8ac:	8f75                	and	a4,a4,a3
	GPIO_EXTEN->EXTEN_CTR =
 8ae:	c398                	sw	a4,0(a5)
		(GPIO_EXTEN->EXTEN_CTR & ~GPIO_EXTEN_OPA_NSEL) |
 8b0:	4398                	lw	a4,0(a5)
 8b2:	7681                	lui	a3,0xfffe0
 8b4:	16fd                	addi	a3,a3,-1 # fffdffff <_eusrstack+0xdffdf7ff>
 8b6:	8f75                	and	a4,a4,a3
	GPIO_EXTEN->EXTEN_CTR =
 8b8:	c398                	sw	a4,0(a5)
	SysTick->CTLR = 0x0000;
 8ba:	e000f7b7          	lui	a5,0xe000f
	SysTick->CMP = SYSTICK_ONE_MILLISECOND - 1;
 8be:	6731                	lui	a4,0xc
	SysTick->CTLR = 0x0000;
 8c0:	0007a023          	sw	zero,0(a5) # e000f000 <_eusrstack+0xc000e800>
	SysTick->CMP = SYSTICK_ONE_MILLISECOND - 1;
 8c4:	b7f70713          	addi	a4,a4,-1153 # bb7f <lib_gpioctrl.c.9b7c6186+0x8cdb>
 8c8:	cb98                	sw	a4,16(a5)
	SysTick->CNT = 0x00000000;
 8ca:	0007a423          	sw	zero,8(a5)
	g_systick_millis = 0x00000000;
 8ce:	c001a223          	sw	zero,-1020(gp) # 20000000 <g_systick_millis>
	SysTick->CTLR |= SYSTICK_CTLR_STE   |  // Enable Counter
 8d2:	4398                	lw	a4,0(a5)
 8d4:	00776713          	ori	a4,a4,7
 8d8:	c398                	sw	a4,0(a5)
	NVIC->IENR[((uint32_t)(IRQn) >> 5)] = (1 << ((uint32_t)(IRQn) & 0x1F));
 8da:	e000e7b7          	lui	a5,0xe000e
 8de:	6705                	lui	a4,0x1
 8e0:	10e7a023          	sw	a4,256(a5) # e000e100 <_eusrstack+0xc000d900>
inline uint16_t gpio_analog_read(const GPIO_ANALOG_CHANNEL chan)
{
	// Set rule channel conversion for single conversion on passed channel
	// GPIO_ADC1->RSQR1 = 0;
	// GPIO_ADC1->RSQR2 = 0;
	GPIO_ADC1->RSQR3 = (uint32_t)chan;
 8e4:	400127b7          	lui	a5,0x40012
 8e8:	40078793          	addi	a5,a5,1024 # 40012400 <_eusrstack+0x20011c00>
 8ec:	4715                	li	a4,5
 8ee:	dbd8                	sw	a4,52(a5)

	GPIO_ADC1->CTLR2 |= ADC_SWSTART;
 8f0:	4798                	lw	a4,8(a5)
 8f2:	004006b7          	lui	a3,0x400
 8f6:	8f55                	or	a4,a4,a3
 8f8:	c798                	sw	a4,8(a5)
	while(!(GPIO_ADC1->STATR & ADC_EOC));
 8fa:	4398                	lw	a4,0(a5)
 8fc:	8b09                	andi	a4,a4,2
 8fe:	df75                	beqz	a4,8fa <main+0x18a>

	// Get the resulting data from the ADC
	return GPIO_ADC1->RDATAR;
 900:	47e4                	lw	s1,76(a5)
	if(adc >= thermistor_pair[0].adc)
 902:	3f000793          	li	a5,1008
		return thermistor_pair[0].temp_c;
 906:	4601                	li	a2,0
 908:	04c2                	slli	s1,s1,0x10
 90a:	80c1                	srli	s1,s1,0x10
	if(adc >= thermistor_pair[0].adc)
 90c:	0697e363          	bltu	a5,s1,972 <main+0x202>
	if(adc <= thermistor_pair[therm_max_index].adc)
 910:	02500793          	li	a5,37
		return thermistor_pair[therm_max_index].temp_c;
 914:	12c00613          	li	a2,300
	if(adc <= thermistor_pair[therm_max_index].adc)
 918:	0497fd63          	bgeu	a5,s1,972 <main+0x202>
 91c:	6585                	lui	a1,0x1
 91e:	9d458513          	addi	a0,a1,-1580 # 9d4 <thermistor_pair>
 922:	4781                	li	a5,0
 924:	9d458593          	addi	a1,a1,-1580
	for(uint16_t ti = 0; ti < therm_max_index; ti++)
 928:	04b00313          	li	t1,75
		adc0  = thermistor_pair[ti].adc;
 92c:	00255683          	lhu	a3,2(a0)
		if(adc <= adc0 && adc >= adc1)
 930:	00178713          	addi	a4,a5,1
 934:	0696e163          	bltu	a3,s1,996 <main+0x226>
		adc1  = thermistor_pair[ti + 1].adc;
 938:	00655603          	lhu	a2,6(a0)
		if(adc <= adc0 && adc >= adc1)
 93c:	04c4ed63          	bltu	s1,a2,996 <main+0x226>
			temp0 = thermistor_pair[ti].temp_c;
 940:	078a                	slli	a5,a5,0x2
			temp1 = thermistor_pair[ti + 1].temp_c;
 942:	070a                	slli	a4,a4,0x2
			temp0 = thermistor_pair[ti].temp_c;
 944:	97ae                	add	a5,a5,a1
			temp1 = thermistor_pair[ti + 1].temp_c;
 946:	972e                	add	a4,a4,a1
			temp0 = thermistor_pair[ti].temp_c;
 948:	0007d403          	lhu	s0,0(a5)
			output = temp0 + (uint32_t)(adc0 - adc) * (temp1 - temp0) / (adc0 - adc1);
 94c:	00075503          	lhu	a0,0(a4) # 1000 <_data_lma+0x4d4>
 950:	409685b3          	sub	a1,a3,s1
 954:	c232                	sw	a2,4(sp)
 956:	8d01                	sub	a0,a0,s0
 958:	c036                	sw	a3,0(sp)
 95a:	f46ff0ef          	jal	a0 <__mulsi3>
 95e:	4612                	lw	a2,4(sp)
 960:	4682                	lw	a3,0(sp)
 962:	40c685b3          	sub	a1,a3,a2
 966:	f5aff0ef          	jal	c0 <__hidden___udivsi3>
 96a:	00a40633          	add	a2,s0,a0
 96e:	0642                	slli	a2,a2,0x10
 970:	8241                	srli	a2,a2,0x10
		printf("adc: %d      temp: %d\n", therm_adc, thermistor_adc_to_temp(therm_adc));
 972:	6505                	lui	a0,0x1
 974:	85a6                	mv	a1,s1
 976:	b0450513          	addi	a0,a0,-1276 # b04 <thermistor_pair+0x130>
 97a:	3341                	jal	6fa <printf>
	uint32_t targend = SysTick->CNT + n;
 97c:	e000f6b7          	lui	a3,0xe000f
 980:	4698                	lw	a4,8(a3)
 982:	016e37b7          	lui	a5,0x16e3
 986:	60078793          	addi	a5,a5,1536 # 16e3600 <lib_gpioctrl.c.9b7c6186+0x16e075c>
 98a:	973e                	add	a4,a4,a5
	while( ((int32_t)( SysTick->CNT - targend )) < 0 );
 98c:	469c                	lw	a5,8(a3)
 98e:	8f99                	sub	a5,a5,a4
 990:	fe07cee3          	bltz	a5,98c <main+0x21c>
 994:	bf81                	j	8e4 <main+0x174>
	for(uint16_t ti = 0; ti < therm_max_index; ti++)
 996:	87ba                	mv	a5,a4
 998:	0511                	addi	a0,a0,4
 99a:	f86719e3          	bne	a4,t1,92c <main+0x1bc>
		return thermistor_pair[0].temp_c;
 99e:	4601                	li	a2,0
 9a0:	bfc9                	j	972 <main+0x202>

000009a2 <SysTick_Handler>:
{
 9a2:	1151                	addi	sp,sp,-12
 9a4:	c03e                	sw	a5,0(sp)
	SysTick->CMP += SYSTICK_ONE_MILLISECOND;
 9a6:	e000f7b7          	lui	a5,0xe000f
{
 9aa:	c23a                	sw	a4,4(sp)
	SysTick->CMP += SYSTICK_ONE_MILLISECOND;
 9ac:	4b98                	lw	a4,16(a5)
{
 9ae:	c436                	sw	a3,8(sp)
	SysTick->CMP += SYSTICK_ONE_MILLISECOND;
 9b0:	66b1                	lui	a3,0xc
 9b2:	b8068693          	addi	a3,a3,-1152 # bb80 <lib_gpioctrl.c.9b7c6186+0x8cdc>
 9b6:	9736                	add	a4,a4,a3
 9b8:	cb98                	sw	a4,16(a5)
	SysTick->SR = 0x00000000;
 9ba:	0007a223          	sw	zero,4(a5) # e000f004 <_eusrstack+0xc000e804>
	g_systick_millis++;
 9be:	c041a783          	lw	a5,-1020(gp) # 20000000 <g_systick_millis>
}
 9c2:	46a2                	lw	a3,8(sp)
	g_systick_millis++;
 9c4:	0785                	addi	a5,a5,1
 9c6:	c0f1a223          	sw	a5,-1020(gp) # 20000000 <g_systick_millis>
}
 9ca:	4712                	lw	a4,4(sp)
 9cc:	4782                	lw	a5,0(sp)
 9ce:	0131                	addi	sp,sp,12
 9d0:	30200073          	mret

000009d4 <thermistor_pair>:
 9d4:	03f10000 03ee0004 03ea0008 03e5000c     ................
 9e4:	03e00010 03da0014 03d30018 03cb001c     ................
 9f4:	03c20020 03b70024 03ac0028 039f002c      ...$...(...,...
 a04:	03900030 03800034 036f0038 035c003c     0...4...8.o.<.\.
 a14:	03480040 03330044 031c0048 0304004c     @.H.D.3.H...L...
 a24:	02eb0050 02d10054 02b60058 029b005c     P...T...X...\...
 a34:	027f0060 02630064 02470068 022c006c     `...d.c.h.G.l.,.
 a44:	02100070 01f50074 01db0078 01c1007c     p...t...x...|...
 a54:	01a80080 01900084 01790088 0163008c     ..........y...c.
 a64:	014f0090 013b0094 01280098 0116009c     ..O...;...(.....
 a74:	010500a0 00f500a4 00e600a8 00d800ac     ................
 a84:	00cb00b0 00bf00b4 00b300b8 00a800bc     ................
 a94:	009e00c0 009500c4 008c00c8 008400cc     ................
 aa4:	007c00d0 007500d4 006e00d8 006800dc     ..|...u...n...h.
 ab4:	006200e0 005c00e4 005700e8 005300ec     ..b...\...W...S.
 ac4:	004e00f0 004a00f4 004600f8 004200fc     ..N...J...F...B.
 ad4:	003f0100 003c0104 00390108 0036010c     ..?...<...9...6.
 ae4:	00330110 00310114 002e0118 002c011c     ..3...1.......,.
 af4:	002a0120 00280124 00260128 0025012c      .*.$.(.(.&.,.%.
 b04:	3a636461 20642520 20202020 6d657420     adc: %d      tem
 b14:	25203a70 00000a64                       p: %d...

00000b1c <GPIO_PORT_MAP>:
 b1c:	40010800 00000000 40011000 40011400     ...@.......@...@
